13:54:15 **** Incremental Build of configuration Debug for project stop_watch ****
make all 
Building file: ../main.c
Invoking: AVR Compiler
avr-gcc -Wall -g2 -gstabs -O0 -fpack-struct -fshort-enums -ffunction-sections -fdata-sections -std=gnu99 -funsigned-char -funsigned-bitfields -mmcu=atmega32 -DF_CPU=1000000UL -MMD -MP -MF"main.d" -MT"main.o" -c -o "main.o" "../main.c"
In file included from ../main.c:12:
c:/winavr-20100110/lib/gcc/../../avr/include/util/delay.h:90:3: warning: #warning "Compiler optimizations disabled; functions from <util/delay.h> won't work as designed"
Finished building: ../main.c
 
Building target: stop_watch.elf
Invoking: AVR C Linker
avr-gcc -Wl,-Map,stop_watch.map -mmcu=atmega32 -o "stop_watch.elf"  ./main.o   
Finished building target: stop_watch.elf
 
Invoking: AVR Create Extended Listing
avr-objdump -h -S stop_watch.elf  >"stop_watch.lss"
Finished building: stop_watch.lss
 
Invoking: Print Size
avr-size --format=avr --mcu=atmega32 stop_watch.elf
AVR Memory Usage
----------------
Device: atmega32

Program:    5492 bytes (16.8% Full)
(.text + .data + .bootloader)

Data:         11 bytes (0.5% Full)
(.data + .bss + .noinit)


Finished building: sizedummy
 
13:54:53 **** Incremental Build of configuration Debug for project stop_watch ****
make all 
Building target: stop_watch.elf
Invoking: AVR C Linker
avr-gcc -Wl,-Map,stop_watch.map -mmcu=atmega32 -o "stop_watch.elf"  ./main.o   
Finished building target: stop_watch.elf
 
Invoking: AVR Create Extended Listing
avr-objdump -h -S stop_watch.elf  >"stop_watch.lss"
Finished building: stop_watch.lss
 
Create Flash image (ihex format)
avr-objcopy -R .eeprom -R .fuse -R .lock -R .signature -O ihex stop_watch.elf  "stop_watch.hex"
Finished building: stop_watch.hex
 
Invoking: Print Size
avr-size --format=avr --mcu=atmega32 stop_watch.elf
AVR Memory Usage
----------------
Device: atmega32

Program:    5492 bytes (16.8% Full)
(.text + .data + .bootloader)

Data:         11 bytes (0.5% Full)
(.data + .bss + .noinit)


Finished building: sizedummy
 
14:01:46 **** Incremental Build of configuration Debug for project stop_watch ****
make all 
Building file: ../main.c
Invoking: AVR Compiler
avr-gcc -Wall -g2 -gstabs -O0 -fpack-struct -fshort-enums -ffunction-sections -fdata-sections -std=gnu99 -funsigned-char -funsigned-bitfields -mmcu=atmega32 -DF_CPU=1000000UL -MMD -MP -MF"main.d" -MT"main.o" -c -o "main.o" "../main.c"
In file included from ../main.c:12:
c:/winavr-20100110/lib/gcc/../../avr/include/util/delay.h:90:3: warning: #warning "Compiler optimizations disabled; functions from <util/delay.h> won't work as designed"
Finished building: ../main.c
 
Building target: stop_watch.elf
Invoking: AVR C Linker
avr-gcc -Wl,-Map,stop_watch.map -mmcu=atmega32 -o "stop_watch.elf"  ./main.o   
Finished building target: stop_watch.elf
 
Invoking: AVR Create Extended Listing
avr-objdump -h -S stop_watch.elf  >"stop_watch.lss"
Finished building: stop_watch.lss
 
Create Flash image (ihex format)
avr-objcopy -R .eeprom -R .fuse -R .lock -R .signature -O ihex stop_watch.elf  "stop_watch.hex"
Finished building: stop_watch.hex
 
Invoking: Print Size
avr-size --format=avr --mcu=atmega32 stop_watch.elf
AVR Memory Usage
----------------
Device: atmega32

Program:    5492 bytes (16.8% Full)
(.text + .data + .bootloader)

Data:         11 bytes (0.5% Full)
(.data + .bss + .noinit)


Finished building: sizedummy
 
14:09:38 **** Incremental Build of configuration Debug for project stop_watch ****
make all 
Building file: ../main.c
Invoking: AVR Compiler
avr-gcc -Wall -g2 -gstabs -O0 -fpack-struct -fshort-enums -ffunction-sections -fdata-sections -std=gnu99 -funsigned-char -funsigned-bitfields -mmcu=atmega32 -DF_CPU=1000000UL -MMD -MP -MF"main.d" -MT"main.o" -c -o "main.o" "../main.c"
In file included from ../main.c:12:
c:/winavr-20100110/lib/gcc/../../avr/include/util/delay.h:90:3: warning: #warning "Compiler optimizations disabled; functions from <util/delay.h> won't work as designed"
Finished building: ../main.c
 
Building target: stop_watch.elf
Invoking: AVR C Linker
avr-gcc -Wl,-Map,stop_watch.map -mmcu=atmega32 -o "stop_watch.elf"  ./main.o   
Finished building target: stop_watch.elf
 
Invoking: AVR Create Extended Listing
avr-objdump -h -S stop_watch.elf  >"stop_watch.lss"
Finished building: stop_watch.lss
 
Create Flash image (ihex format)
avr-objcopy -R .eeprom -R .fuse -R .lock -R .signature -O ihex stop_watch.elf  "stop_watch.hex"
Finished building: stop_watch.hex
 
Invoking: Print Size
avr-size --format=avr --mcu=atmega32 stop_watch.elf
AVR Memory Usage
----------------
Device: atmega32

Program:    5492 bytes (16.8% Full)
(.text + .data + .bootloader)

Data:         11 bytes (0.5% Full)
(.data + .bss + .noinit)


Finished building: sizedummy
 
14:12:26 **** Incremental Build of configuration Debug for project stop_watch ****
make all 
Building file: ../main.c
Invoking: AVR Compiler
avr-gcc -Wall -g2 -gstabs -O0 -fpack-struct -fshort-enums -ffunction-sections -fdata-sections -std=gnu99 -funsigned-char -funsigned-bitfields -mmcu=atmega32 -DF_CPU=1000000UL -MMD -MP -MF"main.d" -MT"main.o" -c -o "main.o" "../main.c"
In file included from ../main.c:12:
c:/winavr-20100110/lib/gcc/../../avr/include/util/delay.h:90:3: warning: #warning "Compiler optimizations disabled; functions from <util/delay.h> won't work as designed"
Finished building: ../main.c
 
Building target: stop_watch.elf
Invoking: AVR C Linker
avr-gcc -Wl,-Map,stop_watch.map -mmcu=atmega32 -o "stop_watch.elf"  ./main.o   
Finished building target: stop_watch.elf
 
Invoking: AVR Create Extended Listing
avr-objdump -h -S stop_watch.elf  >"stop_watch.lss"
Finished building: stop_watch.lss
 
Create Flash image (ihex format)
avr-objcopy -R .eeprom -R .fuse -R .lock -R .signature -O ihex stop_watch.elf  "stop_watch.hex"
Finished building: stop_watch.hex
 
Invoking: Print Size
avr-size --format=avr --mcu=atmega32 stop_watch.elf
AVR Memory Usage
----------------
Device: atmega32

Program:    5492 bytes (16.8% Full)
(.text + .data + .bootloader)

Data:         11 bytes (0.5% Full)
(.data + .bss + .noinit)


Finished building: sizedummy
 
